<?xml version="1.0" encoding="UTF-8"?>
<!-- Generated by org.testng.reporters.JUnitXMLReporter -->
<testsuite hostname="qainfotech-OptiPlex-755" ignored="0" name="Default test" tests="6" failures="0" timestamp="26 Jun 2018 10:49:46 GMT" time="10.301" errors="0">
  <testcase name="Step_01_Launch_Basic_Course" time="0.479" classname="com.org.learningMaven.myMavenProject.AssignmentTest"/>
  <testcase name="Step_02_Launch_GridGate_Page" time="0.484" classname="com.org.learningMaven.myMavenProject.AssignmentTest"/>
  <testcase name="Step_03_Launch_Frame_Dungeon_Page" time="1.265" classname="com.org.learningMaven.myMavenProject.AssignmentTest"/>
  <testcase name="Step_04_Launch_Drag_Around_page" time="0.648" classname="com.org.learningMaven.myMavenProject.AssignmentTest"/>
  <testcase name="Step_05_Launch_Pop_Up_Windows_page" time="1.046" classname="com.org.learningMaven.myMavenProject.AssignmentTest"/>
  <testcase name="Step_06_Launch_Cookie_Handling_Page" time="0.594" classname="com.org.learningMaven.myMavenProject.AssignmentTest"/>
</testsuite> <!-- Default test -->
